Performing C SOURCE FILE Test CMAKE_HAVE_LIBC_PTHREAD failed with the following output:
Change Dir: /home/admin/CLionProjects/GFOX_Test/cmake-build-debug/CMakeFiles/CMakeTmp

Run Build Command(s):/usr/bin/gmake cmTC_b1c26/fast && gmake[1]: Entering directory '/home/admin/CLionProjects/GFOX_Test/cmake-build-debug/CMakeFiles/CMakeTmp'
/usr/bin/gmake -f CMakeFiles/cmTC_b1c26.dir/build.make CMakeFiles/cmTC_b1c26.dir/build
gmake[2]: Entering directory '/home/admin/CLionProjects/GFOX_Test/cmake-build-debug/CMakeFiles/CMakeTmp'
Building C object CMakeFiles/cmTC_b1c26.dir/src.c.o
/usr/bin/cc   -DCMAKE_HAVE_LIBC_PTHREAD   -o CMakeFiles/cmTC_b1c26.dir/src.c.o   -c /home/admin/CLionProjects/GFOX_Test/cmake-build-debug/CMakeFiles/CMakeTmp/src.c
Linking C executable cmTC_b1c26
/var/lib/snapd/snap/clion/114/bin/cmake/linux/bin/cmake -E cmake_link_script CMakeFiles/cmTC_b1c26.dir/link.txt --verbose=1
/usr/bin/cc  -DCMAKE_HAVE_LIBC_PTHREAD    CMakeFiles/cmTC_b1c26.dir/src.c.o  -o cmTC_b1c26 
CMakeFiles/cmTC_b1c26.dir/src.c.o: In function `main':
src.c:(.text+0x2d): undefined reference to `pthread_create'
src.c:(.text+0x39): undefined reference to `pthread_detach'
src.c:(.text+0x4a): undefined reference to `pthread_join'
collect2: error: ld returned 1 exit status
gmake[2]: *** [CMakeFiles/cmTC_b1c26.dir/build.make:87: cmTC_b1c26] Error 1
gmake[2]: Leaving directory '/home/admin/CLionProjects/GFOX_Test/cmake-build-debug/CMakeFiles/CMakeTmp'
gmake[1]: *** [Makefile:121: cmTC_b1c26/fast] Error 2
gmake[1]: Leaving directory '/home/admin/CLionProjects/GFOX_Test/cmake-build-debug/CMakeFiles/CMakeTmp'


Source file was:
#include <pthread.h>

void* test_func(void* data)
{
  return data;
}

int main(void)
{
  pthread_t thread;
  pthread_create(&thread, NULL, test_func, NULL);
  pthread_detach(thread);
  pthread_join(thread, NULL);
  pthread_atfork(NULL, NULL, NULL);
  pthread_exit(NULL);

  return 0;
}

Determining if the function pthread_create exists in the pthreads failed with the following output:
Change Dir: /home/admin/CLionProjects/GFOX_Test/cmake-build-debug/CMakeFiles/CMakeTmp

Run Build Command(s):/usr/bin/gmake cmTC_98fcb/fast && gmake[1]: Entering directory '/home/admin/CLionProjects/GFOX_Test/cmake-build-debug/CMakeFiles/CMakeTmp'
/usr/bin/gmake -f CMakeFiles/cmTC_98fcb.dir/build.make CMakeFiles/cmTC_98fcb.dir/build
gmake[2]: Entering directory '/home/admin/CLionProjects/GFOX_Test/cmake-build-debug/CMakeFiles/CMakeTmp'
Building C object CMakeFiles/cmTC_98fcb.dir/CheckFunctionExists.c.o
/usr/bin/cc   -DCHECK_FUNCTION_EXISTS=pthread_create   -o CMakeFiles/cmTC_98fcb.dir/CheckFunctionExists.c.o   -c /var/lib/snapd/snap/clion/114/bin/cmake/linux/share/cmake-3.16/Modules/CheckFunctionExists.c
Linking C executable cmTC_98fcb
/var/lib/snapd/snap/clion/114/bin/cmake/linux/bin/cmake -E cmake_link_script CMakeFiles/cmTC_98fcb.dir/link.txt --verbose=1
/usr/bin/cc  -DCHECK_FUNCTION_EXISTS=pthread_create    CMakeFiles/cmTC_98fcb.dir/CheckFunctionExists.c.o  -o cmTC_98fcb  -lpthreads 
/usr/bin/ld: cannot find -lpthreads
collect2: error: ld returned 1 exit status
gmake[2]: *** [CMakeFiles/cmTC_98fcb.dir/build.make:87: cmTC_98fcb] Error 1
gmake[2]: Leaving directory '/home/admin/CLionProjects/GFOX_Test/cmake-build-debug/CMakeFiles/CMakeTmp'
gmake[1]: *** [Makefile:121: cmTC_98fcb/fast] Error 2
gmake[1]: Leaving directory '/home/admin/CLionProjects/GFOX_Test/cmake-build-debug/CMakeFiles/CMakeTmp'



